[0.000000] (-) TimerEvent: {}
[0.000438] (tb4_cpp_prac1) JobQueued: {'identifier': 'tb4_cpp_prac1', 'dependencies': OrderedDict()}
[0.000475] (tb4_cpp_prac1) JobStarted: {'identifier': 'tb4_cpp_prac1'}
[0.007763] (tb4_cpp_prac1) JobProgress: {'identifier': 'tb4_cpp_prac1', 'progress': 'cmake'}
[0.008404] (tb4_cpp_prac1) JobProgress: {'identifier': 'tb4_cpp_prac1', 'progress': 'build'}
[0.009318] (tb4_cpp_prac1) Command: {'cmd': ['/usr/bin/cmake', '--build', '/home/robotai/tb4_ws/build/tb4_cpp_prac1', '--', '-j6', '-l6'], 'cwd': '/home/robotai/tb4_ws/build/tb4_cpp_prac1', 'env': OrderedDict([('LESSOPEN', '| /usr/bin/lesspipe %s'), ('LANGUAGE', 'en_AU:en'), ('USER', 'robotai'), ('XDG_SESSION_TYPE', 'x11'), ('SHLVL', '1'), ('LD_LIBRARY_PATH', '/opt/ros/humble/opt/rviz_ogre_vendor/lib:/opt/ros/humble/lib/x86_64-linux-gnu:/opt/ros/humble/lib'), ('HOME', '/home/robotai'), ('OLDPWD', '/home/robotai/tb4_ws'), ('DESKTOP_SESSION', 'ubuntu'), ('ROS_PYTHON_VERSION', '3'), ('GNOME_SHELL_SESSION_MODE', 'ubuntu'), ('GTK_MODULES', 'gail:atk-bridge'), ('DBUS_STARTER_BUS_TYPE', 'session'), ('SYSTEMD_EXEC_PID', '24376'), ('DBUS_SESSION_BUS_ADDRESS', 'unix:path=/run/user/1002/bus,guid=bd4fb12f22cafbecf5125ae16893e61f'), ('COLORTERM', 'truecolor'), ('COLCON_PREFIX_PATH', '/home/robotai/tb4_ws/install'), ('ROS_DISTRO', 'humble'), ('GTK_IM_MODULE', 'ibus'), ('LOGNAME', 'robotai'), ('_', '/usr/bin/colcon'), ('ROS_VERSION', '2'), ('XDG_SESSION_CLASS', 'user'), ('TERM', 'xterm-256color'), ('GNOME_DESKTOP_SESSION_ID', 'this-is-deprecated'), ('ROS_LOCALHOST_ONLY', '1'), ('PATH', '/opt/ros/humble/bin:/usr/local/sbin:/usr/local/bin:/usr/sbin:/usr/bin:/sbin:/bin:/usr/games:/usr/local/games:/snap/bin'), ('SESSION_MANAGER', 'local/V-2204-HPLC-01:@/tmp/.ICE-unix/24376,unix/V-2204-HPLC-01:/tmp/.ICE-unix/24376'), ('XDG_MENU_PREFIX', 'gnome-'), ('GNOME_TERMINAL_SCREEN', '/org/gnome/Terminal/screen/0ec6301a_78dd_417d_b88c_ef7d1f5c6c67'), ('XDG_RUNTIME_DIR', '/run/user/1002'), ('DISPLAY', ':100'), ('LANG', 'en_AU.UTF-8'), ('XDG_CURRENT_DESKTOP', 'ubuntu:GNOME'), ('XMODIFIERS', '@im=ibus'), ('XDG_SESSION_DESKTOP', 'ubuntu'), ('XAUTHORITY', '/run/user/1002/Xauthority'), ('LS_COLORS', 'rs=0:di=01;34:ln=01;36:mh=00:pi=40;33:so=01;35:do=01;35:bd=40;33;01:cd=40;33;01:or=40;31;01:mi=00:su=37;41:sg=30;43:ca=30;41:tw=30;42:ow=34;42:st=37;44:ex=01;32:*.tar=01;31:*.tgz=01;31:*.arc=01;31:*.arj=01;31:*.taz=01;31:*.lha=01;31:*.lz4=01;31:*.lzh=01;31:*.lzma=01;31:*.tlz=01;31:*.txz=01;31:*.tzo=01;31:*.t7z=01;31:*.zip=01;31:*.z=01;31:*.dz=01;31:*.gz=01;31:*.lrz=01;31:*.lz=01;31:*.lzo=01;31:*.xz=01;31:*.zst=01;31:*.tzst=01;31:*.bz2=01;31:*.bz=01;31:*.tbz=01;31:*.tbz2=01;31:*.tz=01;31:*.deb=01;31:*.rpm=01;31:*.jar=01;31:*.war=01;31:*.ear=01;31:*.sar=01;31:*.rar=01;31:*.alz=01;31:*.ace=01;31:*.zoo=01;31:*.cpio=01;31:*.7z=01;31:*.rz=01;31:*.cab=01;31:*.wim=01;31:*.swm=01;31:*.dwm=01;31:*.esd=01;31:*.jpg=01;35:*.jpeg=01;35:*.mjpg=01;35:*.mjpeg=01;35:*.gif=01;35:*.bmp=01;35:*.pbm=01;35:*.pgm=01;35:*.ppm=01;35:*.tga=01;35:*.xbm=01;35:*.xpm=01;35:*.tif=01;35:*.tiff=01;35:*.png=01;35:*.svg=01;35:*.svgz=01;35:*.mng=01;35:*.pcx=01;35:*.mov=01;35:*.mpg=01;35:*.mpeg=01;35:*.m2v=01;35:*.mkv=01;35:*.webm=01;35:*.webp=01;35:*.ogm=01;35:*.mp4=01;35:*.m4v=01;35:*.mp4v=01;35:*.vob=01;35:*.qt=01;35:*.nuv=01;35:*.wmv=01;35:*.asf=01;35:*.rm=01;35:*.rmvb=01;35:*.flc=01;35:*.avi=01;35:*.fli=01;35:*.flv=01;35:*.gl=01;35:*.dl=01;35:*.xcf=01;35:*.xwd=01;35:*.yuv=01;35:*.cgm=01;35:*.emf=01;35:*.ogv=01;35:*.ogx=01;35:*.aac=00;36:*.au=00;36:*.flac=00;36:*.m4a=00;36:*.mid=00;36:*.midi=00;36:*.mka=00;36:*.mp3=00;36:*.mpc=00;36:*.ogg=00;36:*.ra=00;36:*.wav=00;36:*.oga=00;36:*.opus=00;36:*.spx=00;36:*.xspf=00;36:'), ('GNOME_TERMINAL_SERVICE', ':1.105'), ('SSH_AGENT_LAUNCHER', 'gnome-keyring'), ('SSH_AUTH_SOCK', '/run/user/1002/keyring/ssh'), ('AMENT_PREFIX_PATH', '/home/robotai/tb4_ws/install/tb4_cpp_prac1:/opt/ros/humble'), ('SHELL', '/bin/bash'), ('QT_ACCESSIBILITY', '1'), ('NO_AT_BRIDGE', '1'), ('GDMSESSION', 'ubuntu'), ('LESSCLOSE', '/usr/bin/lesspipe %s %s'), ('GPG_AGENT_INFO', '/run/user/1002/gnupg/S.gpg-agent:0:1'), ('QT_IM_MODULE', 'ibus'), ('PWD', '/home/robotai/tb4_ws/build/tb4_cpp_prac1'), ('XDG_CONFIG_DIRS', '/etc/xdg/xdg-ubuntu:/etc/xdg'), ('DBUS_STARTER_ADDRESS', 'unix:path=/run/user/1002/bus,guid=bd4fb12f22cafbecf5125ae16893e61f'), ('XDG_DATA_DIRS', '/usr/share/ubuntu:/usr/share/gnome:/usr/local/share:/usr/share:/var/lib/snapd/desktop'), ('PYTHONPATH', '/opt/ros/humble/lib/python3.10/site-packages:/opt/ros/humble/local/lib/python3.10/dist-packages'), ('COLCON', '1'), ('VTE_VERSION', '6800'), ('CMAKE_PREFIX_PATH', '/home/robotai/tb4_ws/install/tb4_cpp_prac1:/opt/ros/humble')]), 'shell': False}
[0.052267] (tb4_cpp_prac1) StdoutLine: {'line': b'\x1b[35m\x1b[1mConsolidate compiler generated dependencies of target tb4_cpp_node\x1b[0m\n'}
[0.067747] (tb4_cpp_prac1) StdoutLine: {'line': b'[ 50%] \x1b[32mBuilding CXX object CMakeFiles/tb4_cpp_node.dir/src/tb4_cpp_node.cpp.o\x1b[0m\n'}
[0.099512] (-) TimerEvent: {}
[0.199796] (-) TimerEvent: {}
[0.300115] (-) TimerEvent: {}
[0.400455] (-) TimerEvent: {}
[0.500814] (-) TimerEvent: {}
[0.601158] (-) TimerEvent: {}
[0.701484] (-) TimerEvent: {}
[0.801823] (-) TimerEvent: {}
[0.902200] (-) TimerEvent: {}
[1.002558] (-) TimerEvent: {}
[1.102925] (-) TimerEvent: {}
[1.203281] (-) TimerEvent: {}
[1.303599] (-) TimerEvent: {}
[1.403956] (-) TimerEvent: {}
[1.504287] (-) TimerEvent: {}
[1.604604] (-) TimerEvent: {}
[1.704945] (-) TimerEvent: {}
[1.805279] (-) TimerEvent: {}
[1.905647] (-) TimerEvent: {}
[2.005999] (-) TimerEvent: {}
[2.106328] (-) TimerEvent: {}
[2.175083] (tb4_cpp_prac1) StderrLine: {'line': b'\x1b[01m\x1b[K/home/robotai/tb4_ws/src/tb4_cpp_prac1/src/tb4_cpp_node.cpp:115:2:\x1b[m\x1b[K \x1b[01;31m\x1b[Kerror: \x1b[m\x1b[Kexpected \xe2\x80\x98\x1b[01m\x1b[K;\x1b[m\x1b[K\xe2\x80\x99 after class definition\n'}
[2.175320] (tb4_cpp_prac1) StderrLine: {'line': b'  115 | }\n'}
[2.175413] (tb4_cpp_prac1) StderrLine: {'line': b'      |  \x1b[01;31m\x1b[K^\x1b[m\x1b[K\n'}
[2.175483] (tb4_cpp_prac1) StderrLine: {'line': b'      |  \x1b[32m\x1b[K;\x1b[m\x1b[K\n'}
[2.175529] (tb4_cpp_prac1) StderrLine: {'line': b'\x1b[01m\x1b[K/home/robotai/tb4_ws/src/tb4_cpp_prac1/src/tb4_cpp_node.cpp:\x1b[m\x1b[K In constructor \xe2\x80\x98\x1b[01m\x1b[KTurtleBot4Prac1::TurtleBot4Prac1()\x1b[m\x1b[K\xe2\x80\x99:\n'}
[2.175577] (tb4_cpp_prac1) StderrLine: {'line': b'\x1b[01m\x1b[K/home/robotai/tb4_ws/src/tb4_cpp_prac1/src/tb4_cpp_node.cpp:25:41:\x1b[m\x1b[K \x1b[01;31m\x1b[Kerror: \x1b[m\x1b[Kclass \xe2\x80\x98\x1b[01m\x1b[KTurtleBot4Prac1\x1b[m\x1b[K\xe2\x80\x99 does not have any field named \xe2\x80\x98\x1b[01m\x1b[Klights_on_\x1b[m\x1b[K\xe2\x80\x99\n'}
[2.175623] (tb4_cpp_prac1) StderrLine: {'line': b'   25 |   TurtleBot4Prac1(): Node("tb4_prac1"), \x1b[01;31m\x1b[Klights_on_\x1b[m\x1b[K(false)//public constructor names the node as "tb4_prac1"\n'}
[2.175668] (tb4_cpp_prac1) StderrLine: {'line': b'      |                                         \x1b[01;31m\x1b[K^~~~~~~~~~\x1b[m\x1b[K\n'}
[2.186964] (tb4_cpp_prac1) StderrLine: {'line': b'\x1b[01m\x1b[K/home/robotai/tb4_ws/src/tb4_cpp_prac1/src/tb4_cpp_node.cpp:28:5:\x1b[m\x1b[K \x1b[01;31m\x1b[Kerror: \x1b[m\x1b[K\xe2\x80\x98\x1b[01m\x1b[Kinterface_buttons_subscriber_\x1b[m\x1b[K\xe2\x80\x99 was not declared in this scope; did you mean \xe2\x80\x98\x1b[01m\x1b[Kinterface_buttons_callback\x1b[m\x1b[K\xe2\x80\x99?\n'}
[2.187127] (tb4_cpp_prac1) StderrLine: {'line': b'   28 |     \x1b[01;31m\x1b[Kinterface_buttons_subscriber_\x1b[m\x1b[K =\n'}
[2.187175] (tb4_cpp_prac1) StderrLine: {'line': b'      |     \x1b[01;31m\x1b[K^~~~~~~~~~~~~~~~~~~~~~~~~~~~~\x1b[m\x1b[K\n'}
[2.187219] (tb4_cpp_prac1) StderrLine: {'line': b'      |     \x1b[32m\x1b[Kinterface_buttons_callback\x1b[m\x1b[K\n'}
[2.206446] (-) TimerEvent: {}
[2.247946] (tb4_cpp_prac1) StderrLine: {'line': b'\x1b[01m\x1b[K/home/robotai/tb4_ws/src/tb4_cpp_prac1/src/tb4_cpp_node.cpp:35:5:\x1b[m\x1b[K \x1b[01;31m\x1b[Kerror: \x1b[m\x1b[K\xe2\x80\x98\x1b[01m\x1b[Klightring_publisher_\x1b[m\x1b[K\xe2\x80\x99 was not declared in this scope\n'}
[2.248140] (tb4_cpp_prac1) StderrLine: {'line': b'   35 |     \x1b[01;31m\x1b[Klightring_publisher_\x1b[m\x1b[K = this->create_publisher<irobot_create_msgs::msg::LightringLeds>(\n'}
[2.248208] (tb4_cpp_prac1) StderrLine: {'line': b'      |     \x1b[01;31m\x1b[K^~~~~~~~~~~~~~~~~~~~\x1b[m\x1b[K\n'}
[2.263465] (tb4_cpp_prac1) StderrLine: {'line': b'\x1b[01m\x1b[K/home/robotai/tb4_ws/src/tb4_cpp_prac1/src/tb4_cpp_node.cpp:\x1b[m\x1b[K In member function \xe2\x80\x98\x1b[01m\x1b[Kvoid TurtleBot4Prac1::button_1_function()\x1b[m\x1b[K\xe2\x80\x99:\n'}
[2.263650] (tb4_cpp_prac1) StderrLine: {'line': b'\x1b[01m\x1b[K/home/robotai/tb4_ws/src/tb4_cpp_prac1/src/tb4_cpp_node.cpp:106:5:\x1b[m\x1b[K \x1b[01;31m\x1b[Kerror: \x1b[m\x1b[K\xe2\x80\x98\x1b[01m\x1b[Klightring_publisher_\x1b[m\x1b[K\xe2\x80\x99 was not declared in this scope\n'}
[2.263702] (tb4_cpp_prac1) StderrLine: {'line': b'  106 |     \x1b[01;31m\x1b[Klightring_publisher_\x1b[m\x1b[K->publish(lightring_msg);\n'}
[2.263764] (tb4_cpp_prac1) StderrLine: {'line': b'      |     \x1b[01;31m\x1b[K^~~~~~~~~~~~~~~~~~~~\x1b[m\x1b[K\n'}
[2.306563] (-) TimerEvent: {}
[2.406918] (-) TimerEvent: {}
[2.507272] (-) TimerEvent: {}
[2.608834] (-) TimerEvent: {}
[2.709151] (-) TimerEvent: {}
[2.811794] (-) TimerEvent: {}
[2.912121] (-) TimerEvent: {}
[3.012442] (-) TimerEvent: {}
[3.112780] (-) TimerEvent: {}
[3.213108] (-) TimerEvent: {}
[3.313463] (-) TimerEvent: {}
[3.413798] (-) TimerEvent: {}
[3.514149] (-) TimerEvent: {}
[3.614481] (-) TimerEvent: {}
[3.716824] (-) TimerEvent: {}
[3.817154] (-) TimerEvent: {}
[3.917601] (-) TimerEvent: {}
[4.017969] (-) TimerEvent: {}
[4.119371] (-) TimerEvent: {}
[4.219708] (-) TimerEvent: {}
[4.320831] (-) TimerEvent: {}
[4.421284] (-) TimerEvent: {}
[4.521766] (-) TimerEvent: {}
[4.622219] (-) TimerEvent: {}
[4.638972] (tb4_cpp_prac1) StderrLine: {'line': b'gmake[2]: *** [CMakeFiles/tb4_cpp_node.dir/build.make:76: CMakeFiles/tb4_cpp_node.dir/src/tb4_cpp_node.cpp.o] Error 1\n'}
[4.639273] (tb4_cpp_prac1) StderrLine: {'line': b'gmake[1]: *** [CMakeFiles/Makefile2:137: CMakeFiles/tb4_cpp_node.dir/all] Error 2\n'}
[4.639416] (tb4_cpp_prac1) StderrLine: {'line': b'gmake: *** [Makefile:146: all] Error 2\n'}
[4.641617] (tb4_cpp_prac1) CommandEnded: {'returncode': 2}
[4.652316] (tb4_cpp_prac1) JobEnded: {'identifier': 'tb4_cpp_prac1', 'rc': 2}
[4.662892] (-) EventReactorShutdown: {}
