[01m[K/home/robotai/tb4_ws/src/tb4_cpp_prac1/src/tb4_cpp_node.cpp:124:2:[m[K [01;31m[Kerror: [m[Kexpected â€˜[01m[K}[m[Kâ€™ at end of input
  124 | }
      |  [01;31m[K^[m[K
[01m[K/home/robotai/tb4_ws/src/tb4_cpp_prac1/src/tb4_cpp_node.cpp:23:1:[m[K [01;36m[Knote: [m[Kto match this â€˜[01m[K{[m[Kâ€™
   23 | [01;36m[K{[m[K
      | [01;36m[K^[m[K
[01m[K/home/robotai/tb4_ws/src/tb4_cpp_prac1/src/tb4_cpp_node.cpp:[m[K In constructor â€˜[01m[KTurtleBot4Prac1::TurtleBot4Prac1()[m[Kâ€™:
[01m[K/home/robotai/tb4_ws/src/tb4_cpp_prac1/src/tb4_cpp_node.cpp:25:41:[m[K [01;31m[Kerror: [m[Kclass â€˜[01m[KTurtleBot4Prac1[m[Kâ€™ does not have any field named â€˜[01m[Klights_on_[m[Kâ€™
   25 |   TurtleBot4Prac1(): Node("tb4_prac1"), [01;31m[Klights_on_[m[K(false)//public constructor names the node as "tb4_prac1"
      |                                         [01;31m[K^~~~~~~~~~[m[K
[01m[K/home/robotai/tb4_ws/src/tb4_cpp_prac1/src/tb4_cpp_node.cpp:28:5:[m[K [01;31m[Kerror: [m[Kâ€˜[01m[Kinterface_buttons_subscriber_[m[Kâ€™ was not declared in this scope; did you mean â€˜[01m[Kinterface_buttons_callback[m[Kâ€™?
   28 |     [01;31m[Kinterface_buttons_subscriber_[m[K =
      |     [01;31m[K^~~~~~~~~~~~~~~~~~~~~~~~~~~~~[m[K
      |     [32m[Kinterface_buttons_callback[m[K
[01m[K/home/robotai/tb4_ws/src/tb4_cpp_prac1/src/tb4_cpp_node.cpp:35:5:[m[K [01;31m[Kerror: [m[Kâ€˜[01m[Klightring_publisher_[m[Kâ€™ was not declared in this scope
   35 |     [01;31m[Klightring_publisher_[m[K = this->create_publisher<irobot_create_msgs::msg::LightringLeds>(
      |     [01;31m[K^~~~~~~~~~~~~~~~~~~~[m[K
[01m[K/home/robotai/tb4_ws/src/tb4_cpp_prac1/src/tb4_cpp_node.cpp:[m[K In member function â€˜[01m[Kvoid TurtleBot4Prac1::button_1_function()[m[Kâ€™:
[01m[K/home/robotai/tb4_ws/src/tb4_cpp_prac1/src/tb4_cpp_node.cpp:106:3:[m[K [01;31m[Kerror: [m[Kâ€˜[01m[Klightring_publisher_[m[Kâ€™ was not declared in this scope
  106 |   [01;31m[Klightring_publisher_[m[K->publish(lightring_msg);
      |   [01;31m[K^~~~~~~~~~~~~~~~~~~~[m[K
[01m[K/home/robotai/tb4_ws/src/tb4_cpp_prac1/src/tb4_cpp_node.cpp:[m[K At global scope:
[01m[K/home/robotai/tb4_ws/src/tb4_cpp_prac1/src/tb4_cpp_node.cpp:124:2:[m[K [01;31m[Kerror: [m[Kexpected unqualified-id at end of input
  124 | }
      |  [01;31m[K^[m[K
gmake[2]: *** [CMakeFiles/tb4_cpp_node.dir/build.make:76: CMakeFiles/tb4_cpp_node.dir/src/tb4_cpp_node.cpp.o] Error 1
gmake[1]: *** [CMakeFiles/Makefile2:137: CMakeFiles/tb4_cpp_node.dir/all] Error 2
gmake: *** [Makefile:146: all] Error 2
