[0.011s] Invoking command in '/home/robotai/tb4_ws/build/tb4_cpp_prac1': CMAKE_PREFIX_PATH=${CMAKE_PREFIX_PATH}:/opt/ros/humble /usr/bin/cmake --build /home/robotai/tb4_ws/build/tb4_cpp_prac1 -- -j6 -l6
[0.052s] [35m[1mConsolidate compiler generated dependencies of target tb4_cpp_node[0m
[0.067s] [ 50%] [32mBuilding CXX object CMakeFiles/tb4_cpp_node.dir/src/tb4_cpp_node.cpp.o[0m
[2.179s] [01m[K/home/robotai/tb4_ws/src/tb4_cpp_prac1/src/tb4_cpp_node.cpp:55:2:[m[K [01;31m[Kerror: [m[Kexpected â€˜[01m[K;[m[Kâ€™ after class definition
[2.179s]    55 | }
[2.179s]       |  [01;31m[K^[m[K
[2.179s]       |  [32m[K;[m[K
[2.179s] [01m[K/home/robotai/tb4_ws/src/tb4_cpp_prac1/src/tb4_cpp_node.cpp:[m[K In constructor â€˜[01m[KTurtleBot4Prac1::TurtleBot4Prac1()[m[Kâ€™:
[2.179s] [01m[K/home/robotai/tb4_ws/src/tb4_cpp_prac1/src/tb4_cpp_node.cpp:25:41:[m[K [01;31m[Kerror: [m[Kclass â€˜[01m[KTurtleBot4Prac1[m[Kâ€™ does not have any field named â€˜[01m[Klights_on_[m[Kâ€™
[2.179s]    25 |   TurtleBot4Prac1(): Node("tb4_prac1"), [01;31m[Klights_on_[m[K(false)//public constructor names the node as "tb4_prac1"
[2.179s]       |                                         [01;31m[K^~~~~~~~~~[m[K
[2.191s] [01m[K/home/robotai/tb4_ws/src/tb4_cpp_prac1/src/tb4_cpp_node.cpp:28:5:[m[K [01;31m[Kerror: [m[Kâ€˜[01m[Kinterface_buttons_subscriber_[m[Kâ€™ was not declared in this scope; did you mean â€˜[01m[Kinterface_buttons_callback[m[Kâ€™?
[2.191s]    28 |     [01;31m[Kinterface_buttons_subscriber_[m[K =
[2.191s]       |     [01;31m[K^~~~~~~~~~~~~~~~~~~~~~~~~~~~~[m[K
[2.191s]       |     [32m[Kinterface_buttons_callback[m[K
[2.248s] [01m[K/home/robotai/tb4_ws/src/tb4_cpp_prac1/src/tb4_cpp_node.cpp:35:5:[m[K [01;31m[Kerror: [m[Kâ€˜[01m[Klightring_publisher_[m[Kâ€™ was not declared in this scope
[2.248s]    35 |     [01;31m[Klightring_publisher_[m[K = this->create_publisher<irobot_create_msgs::msg::LightringLeds>(
[2.248s]       |     [01;31m[K^~~~~~~~~~~~~~~~~~~~[m[K
[2.262s] [01m[K/home/robotai/tb4_ws/src/tb4_cpp_prac1/src/tb4_cpp_node.cpp:[m[K In member function â€˜[01m[Kvoid TurtleBot4Prac1::interface_buttons_callback(irobot_create_msgs::msg::InterfaceButtons_<std::allocator<void> >::SharedPtr)[m[Kâ€™:
[2.262s] [01m[K/home/robotai/tb4_ws/src/tb4_cpp_prac1/src/tb4_cpp_node.cpp:51:7:[m[K [01;31m[Kerror: [m[Kâ€˜[01m[Kbutton_1_function[m[Kâ€™ was not declared in this scope
[2.262s]    51 |       [01;31m[Kbutton_1_function[m[K();
[2.263s]       |       [01;31m[K^~~~~~~~~~~~~~~~~[m[K
[2.263s] [01m[K/home/robotai/tb4_ws/src/tb4_cpp_prac1/src/tb4_cpp_node.cpp:[m[K In function â€˜[01m[Kvoid button_1_function()[m[Kâ€™:
[2.263s] [01m[K/home/robotai/tb4_ws/src/tb4_cpp_prac1/src/tb4_cpp_node.cpp:62:34:[m[K [01;31m[Kerror: [m[Kinvalid use of â€˜[01m[Kthis[m[Kâ€™ in non-member function
[2.263s]    62 |     lightring_msg.header.stamp = [01;31m[Kthis[m[K->get_clock()->now();
[2.263s]       |                                  [01;31m[K^~~~[m[K
[2.268s] [01m[K/home/robotai/tb4_ws/src/tb4_cpp_prac1/src/tb4_cpp_node.cpp:106:3:[m[K [01;31m[Kerror: [m[Kâ€˜[01m[Klightring_publisher_[m[Kâ€™ was not declared in this scope
[2.268s]   106 |   [01;31m[Klightring_publisher_[m[K->publish(lightring_msg);
[2.269s]       |   [01;31m[K^~~~~~~~~~~~~~~~~~~~[m[K
[4.597s] gmake[2]: *** [CMakeFiles/tb4_cpp_node.dir/build.make:76: CMakeFiles/tb4_cpp_node.dir/src/tb4_cpp_node.cpp.o] Error 1
[4.597s] gmake[1]: *** [CMakeFiles/Makefile2:137: CMakeFiles/tb4_cpp_node.dir/all] Error 2
[4.598s] gmake: *** [Makefile:146: all] Error 2
[4.600s] Invoked command in '/home/robotai/tb4_ws/build/tb4_cpp_prac1' returned '2': CMAKE_PREFIX_PATH=${CMAKE_PREFIX_PATH}:/opt/ros/humble /usr/bin/cmake --build /home/robotai/tb4_ws/build/tb4_cpp_prac1 -- -j6 -l6
