[0.011s] Invoking command in '/home/robotai/tb4_ws/build/tb4_cpp_prac1': CMAKE_PREFIX_PATH=${CMAKE_PREFIX_PATH}:/opt/ros/humble /usr/bin/cmake --build /home/robotai/tb4_ws/build/tb4_cpp_prac1 -- -j6 -l6
[0.050s] [35m[1mConsolidate compiler generated dependencies of target tb4_cpp_node[0m
[0.066s] [ 50%] [32mBuilding CXX object CMakeFiles/tb4_cpp_node.dir/src/tb4_cpp_node.cpp.o[0m
[2.200s] [01m[K/home/robotai/tb4_ws/src/tb4_cpp_prac1/src/tb4_cpp_node.cpp:108:5:[m[K [01;31m[Kerror: [m[Kâ€˜[01m[Klightring_publisher_[m[Kâ€™ does not name a type
[2.201s]   108 |     [01;31m[Klightring_publisher_[m[K->publish(lightring_msg);
[2.201s]       |     [01;31m[K^~~~~~~~~~~~~~~~~~~~[m[K
[2.202s] [01m[K/home/robotai/tb4_ws/src/tb4_cpp_prac1/src/tb4_cpp_node.cpp:110:5:[m[K [01;31m[Kerror: [m[Kâ€˜[01m[Klights_on_[m[Kâ€™ does not name a type
[2.202s]   110 |     [01;31m[Klights_on_[m[K = !lights_on_;
[2.202s]       |     [01;31m[K^~~~~~~~~~[m[K
[4.782s] gmake[2]: *** [CMakeFiles/tb4_cpp_node.dir/build.make:76: CMakeFiles/tb4_cpp_node.dir/src/tb4_cpp_node.cpp.o] Error 1
[4.782s] gmake[1]: *** [CMakeFiles/Makefile2:137: CMakeFiles/tb4_cpp_node.dir/all] Error 2
[4.782s] gmake: *** [Makefile:146: all] Error 2
[4.785s] Invoked command in '/home/robotai/tb4_ws/build/tb4_cpp_prac1' returned '2': CMAKE_PREFIX_PATH=${CMAKE_PREFIX_PATH}:/opt/ros/humble /usr/bin/cmake --build /home/robotai/tb4_ws/build/tb4_cpp_prac1 -- -j6 -l6
